[0.009s] Invoking command in '/home/wan/ros2_ws/build/my_cpp_pkg': CMAKE_PREFIX_PATH=/home/wan/ros2_ws/install/my_robot_interfaces:/home/wan/ros2_ws/install/my_cpp_pkg:/opt/ros/jazzy/opt/gz_math_vendor:/opt/ros/jazzy/opt/gz_utils_vendor:/opt/ros/jazzy/opt/gz_cmake_vendor:/home/wan/ros2_ws/install/my_py_pkg:/opt/ros/jazzy DEBUGINFOD_URLS=https://debuginfod.ubuntu.com PYTHONPATH=/home/wan/ros2_ws/install/my_robot_interfaces/lib/python3.12/site-packages:/home/wan/ros2_ws/build/my_py_pkg:/home/wan/ros2_ws/install/my_py_pkg/lib/python3.12/site-packages:/opt/ros/jazzy/lib/python3.12/site-packages /usr/bin/cmake --build /home/wan/ros2_ws/build/my_cpp_pkg -- -j12 -l12
[0.057s] [ 30%] Built target add_two_ints_client
[0.057s] [ 30%] Built target cpp_node
[0.057s] [ 30%] Built target number_publisher
[0.057s] [ 40%] Built target add_two_ints_server
[0.057s] [ 50%] Built target hardware_status_publisher
[0.057s] [ 60%] Built target robot_news_station
[0.057s] [ 70%] Built target smartphone
[0.057s] [ 80%] Built target add_two_ints_client_no_oop
[0.057s] [ 90%] Built target number_counter
[0.059s] [ 95%] [32mBuilding CXX object CMakeFiles/led_panel.dir/src/led_panel.cpp.o[0m
[3.669s] [100%] [32m[1mLinking CXX executable led_panel[0m
[3.794s] [100%] Built target led_panel
[3.803s] Invoked command in '/home/wan/ros2_ws/build/my_cpp_pkg' returned '0': CMAKE_PREFIX_PATH=/home/wan/ros2_ws/install/my_robot_interfaces:/home/wan/ros2_ws/install/my_cpp_pkg:/opt/ros/jazzy/opt/gz_math_vendor:/opt/ros/jazzy/opt/gz_utils_vendor:/opt/ros/jazzy/opt/gz_cmake_vendor:/home/wan/ros2_ws/install/my_py_pkg:/opt/ros/jazzy DEBUGINFOD_URLS=https://debuginfod.ubuntu.com PYTHONPATH=/home/wan/ros2_ws/install/my_robot_interfaces/lib/python3.12/site-packages:/home/wan/ros2_ws/build/my_py_pkg:/home/wan/ros2_ws/install/my_py_pkg/lib/python3.12/site-packages:/opt/ros/jazzy/lib/python3.12/site-packages /usr/bin/cmake --build /home/wan/ros2_ws/build/my_cpp_pkg -- -j12 -l12
[3.810s] Invoking command in '/home/wan/ros2_ws/build/my_cpp_pkg': CMAKE_PREFIX_PATH=/home/wan/ros2_ws/install/my_robot_interfaces:/home/wan/ros2_ws/install/my_cpp_pkg:/opt/ros/jazzy/opt/gz_math_vendor:/opt/ros/jazzy/opt/gz_utils_vendor:/opt/ros/jazzy/opt/gz_cmake_vendor:/home/wan/ros2_ws/install/my_py_pkg:/opt/ros/jazzy DEBUGINFOD_URLS=https://debuginfod.ubuntu.com PYTHONPATH=/home/wan/ros2_ws/install/my_robot_interfaces/lib/python3.12/site-packages:/home/wan/ros2_ws/build/my_py_pkg:/home/wan/ros2_ws/install/my_py_pkg/lib/python3.12/site-packages:/opt/ros/jazzy/lib/python3.12/site-packages /usr/bin/cmake --install /home/wan/ros2_ws/build/my_cpp_pkg
[3.816s] -- Install configuration: ""
[3.816s] -- Up-to-date: /home/wan/ros2_ws/install/my_cpp_pkg/lib/my_cpp_pkg/cpp_node
[3.816s] -- Up-to-date: /home/wan/ros2_ws/install/my_cpp_pkg/lib/my_cpp_pkg/robot_news_station
[3.816s] -- Up-to-date: /home/wan/ros2_ws/install/my_cpp_pkg/lib/my_cpp_pkg/smartphone
[3.816s] -- Up-to-date: /home/wan/ros2_ws/install/my_cpp_pkg/lib/my_cpp_pkg/number_publisher
[3.817s] -- Up-to-date: /home/wan/ros2_ws/install/my_cpp_pkg/lib/my_cpp_pkg/number_counter
[3.817s] -- Up-to-date: /home/wan/ros2_ws/install/my_cpp_pkg/lib/my_cpp_pkg/add_two_ints_server
[3.817s] -- Up-to-date: /home/wan/ros2_ws/install/my_cpp_pkg/lib/my_cpp_pkg/add_two_ints_client_no_oop
[3.817s] -- Up-to-date: /home/wan/ros2_ws/install/my_cpp_pkg/lib/my_cpp_pkg/add_two_ints_client
[3.817s] -- Up-to-date: /home/wan/ros2_ws/install/my_cpp_pkg/lib/my_cpp_pkg/hardware_status_publisher
[3.817s] -- Installing: /home/wan/ros2_ws/install/my_cpp_pkg/lib/my_cpp_pkg/led_panel
[3.819s] -- Set non-toolchain portion of runtime path of "/home/wan/ros2_ws/install/my_cpp_pkg/lib/my_cpp_pkg/led_panel" to ""
[3.819s] -- Up-to-date: /home/wan/ros2_ws/install/my_cpp_pkg/share/ament_index/resource_index/package_run_dependencies/my_cpp_pkg
[3.819s] -- Up-to-date: /home/wan/ros2_ws/install/my_cpp_pkg/share/ament_index/resource_index/parent_prefix_path/my_cpp_pkg
[3.819s] -- Up-to-date: /home/wan/ros2_ws/install/my_cpp_pkg/share/my_cpp_pkg/environment/ament_prefix_path.sh
[3.819s] -- Up-to-date: /home/wan/ros2_ws/install/my_cpp_pkg/share/my_cpp_pkg/environment/ament_prefix_path.dsv
[3.819s] -- Up-to-date: /home/wan/ros2_ws/install/my_cpp_pkg/share/my_cpp_pkg/environment/path.sh
[3.819s] -- Up-to-date: /home/wan/ros2_ws/install/my_cpp_pkg/share/my_cpp_pkg/environment/path.dsv
[3.819s] -- Up-to-date: /home/wan/ros2_ws/install/my_cpp_pkg/share/my_cpp_pkg/local_setup.bash
[3.819s] -- Up-to-date: /home/wan/ros2_ws/install/my_cpp_pkg/share/my_cpp_pkg/local_setup.sh
[3.819s] -- Up-to-date: /home/wan/ros2_ws/install/my_cpp_pkg/share/my_cpp_pkg/local_setup.zsh
[3.819s] -- Up-to-date: /home/wan/ros2_ws/install/my_cpp_pkg/share/my_cpp_pkg/local_setup.dsv
[3.819s] -- Installing: /home/wan/ros2_ws/install/my_cpp_pkg/share/my_cpp_pkg/package.dsv
[3.819s] -- Up-to-date: /home/wan/ros2_ws/install/my_cpp_pkg/share/ament_index/resource_index/packages/my_cpp_pkg
[3.819s] -- Up-to-date: /home/wan/ros2_ws/install/my_cpp_pkg/share/my_cpp_pkg/cmake/my_cpp_pkgConfig.cmake
[3.819s] -- Up-to-date: /home/wan/ros2_ws/install/my_cpp_pkg/share/my_cpp_pkg/cmake/my_cpp_pkgConfig-version.cmake
[3.819s] -- Up-to-date: /home/wan/ros2_ws/install/my_cpp_pkg/share/my_cpp_pkg/package.xml
[3.821s] Invoked command in '/home/wan/ros2_ws/build/my_cpp_pkg' returned '0': CMAKE_PREFIX_PATH=/home/wan/ros2_ws/install/my_robot_interfaces:/home/wan/ros2_ws/install/my_cpp_pkg:/opt/ros/jazzy/opt/gz_math_vendor:/opt/ros/jazzy/opt/gz_utils_vendor:/opt/ros/jazzy/opt/gz_cmake_vendor:/home/wan/ros2_ws/install/my_py_pkg:/opt/ros/jazzy DEBUGINFOD_URLS=https://debuginfod.ubuntu.com PYTHONPATH=/home/wan/ros2_ws/install/my_robot_interfaces/lib/python3.12/site-packages:/home/wan/ros2_ws/build/my_py_pkg:/home/wan/ros2_ws/install/my_py_pkg/lib/python3.12/site-packages:/opt/ros/jazzy/lib/python3.12/site-packages /usr/bin/cmake --install /home/wan/ros2_ws/build/my_cpp_pkg
