-- Found ament_cmake: 2.5.4 (/opt/ros/jazzy/share/ament_cmake/cmake)
-- Found rclcpp: 28.1.13 (/opt/ros/jazzy/share/rclcpp/cmake)
-- Found rosidl_generator_c: 4.6.6 (/opt/ros/jazzy/share/rosidl_generator_c/cmake)
-- Found rosidl_generator_cpp: 4.6.6 (/opt/ros/jazzy/share/rosidl_generator_cpp/cmake)
-- Using all available rosidl_typesupport_c: rosidl_typesupport_fastrtps_c;rosidl_typesupport_introspection_c
-- Using all available rosidl_typesupport_cpp: rosidl_typesupport_fastrtps_cpp;rosidl_typesupport_introspection_cpp
-- Found rmw_implementation_cmake: 7.3.2 (/opt/ros/jazzy/share/rmw_implementation_cmake/cmake)
-- Found rmw_fastrtps_cpp: 8.4.3 (/opt/ros/jazzy/share/rmw_fastrtps_cpp/cmake)
-- Using RMW implementation 'rmw_fastrtps_cpp' as default
-- Found example_interfaces: 0.12.0 (/opt/ros/jazzy/share/example_interfaces/cmake)
-- Configuring done (0.4s)
-- Generating done (0.0s)
-- Build files have been written to: /home/wan/ros2_ws/build/my_cpp_pkg
[ 50%] [32mBuilding CXX object CMakeFiles/smartphone.dir/src/smartphone.cpp.o[0m
[ 50%] [32mBuilding CXX object CMakeFiles/add_two_ints_server.dir/src/add_two_ints_server.cpp.o[0m
[ 50%] [32mBuilding CXX object CMakeFiles/robot_news_station.dir/src/robot_news_station.cpp.o[0m
[ 50%] [32mBuilding CXX object CMakeFiles/cpp_node.dir/src/my_first_node.cpp.o[0m
[ 62%] [32m[1mLinking CXX executable cpp_node[0m
[ 62%] Built target cpp_node
[ 75%] [32m[1mLinking CXX executable robot_news_station[0m
[ 75%] Built target robot_news_station
[ 87%] [32m[1mLinking CXX executable smartphone[0m
[ 87%] Built target smartphone
