-- Found ament_cmake: 2.5.4 (/opt/ros/jazzy/share/ament_cmake/cmake)
-- Found rclcpp: 28.1.13 (/opt/ros/jazzy/share/rclcpp/cmake)
-- Found rosidl_generator_c: 4.6.6 (/opt/ros/jazzy/share/rosidl_generator_c/cmake)
-- Found rosidl_generator_cpp: 4.6.6 (/opt/ros/jazzy/share/rosidl_generator_cpp/cmake)
-- Using all available rosidl_typesupport_c: rosidl_typesupport_fastrtps_c;rosidl_typesupport_introspection_c
-- Using all available rosidl_typesupport_cpp: rosidl_typesupport_fastrtps_cpp;rosidl_typesupport_introspection_cpp
-- Found rmw_implementation_cmake: 7.3.2 (/opt/ros/jazzy/share/rmw_implementation_cmake/cmake)
-- Found rmw_fastrtps_cpp: 8.4.3 (/opt/ros/jazzy/share/rmw_fastrtps_cpp/cmake)
-- Using RMW implementation 'rmw_fastrtps_cpp' as default
-- Found example_interfaces: 0.12.0 (/opt/ros/jazzy/share/example_interfaces/cmake)
-- Configuring done (0.4s)
-- Generating done (0.0s)
-- Build files have been written to: /home/wan/ros2_ws/build/my_cpp_pkg
[ 50%] [32mBuilding CXX object CMakeFiles/smartphone.dir/src/smartphone.cpp.o[0m
[ 50%] [32mBuilding CXX object CMakeFiles/add_two_ints_server.dir/src/add_two_ints_server.cpp.o[0m
[ 50%] [32mBuilding CXX object CMakeFiles/robot_news_station.dir/src/robot_news_station.cpp.o[0m
[ 50%] [32mBuilding CXX object CMakeFiles/cpp_node.dir/src/my_first_node.cpp.o[0m
[01m[K/home/wan/ros2_ws/src/my_cpp_pkg/src/add_two_ints_server.cpp:26:1:[m[K [01;31m[Kerror: [m[Kexpected primary-expression before ‘[01m[K}[m[K’ token
   26 | [01;31m[K}[m[K;
      | [01;31m[K^[m[K
[01m[K/home/wan/ros2_ws/src/my_cpp_pkg/src/add_two_ints_server.cpp:25:69:[m[K [01;31m[Kerror: [m[Kbit-field ‘[01m[Kserver_[m[K’ with non-integral type ‘[01m[Krclcpp::Service<example_interfaces::srv::AddTwoInts>::SharedPtr[m[K’ {aka ‘[01m[Kstd::shared_ptr<rclcpp::Service<example_interfaces::srv::AddTwoInts> >[m[K’}
   25 |     rclcpp::Service<example_interfaces::srv::AddTwoInts>::SharedPtr [01;31m[Kserver_[m[K:
      |                                                                     [01;31m[K^~~~~~~[m[K
[01m[K/home/wan/ros2_ws/src/my_cpp_pkg/src/add_two_ints_server.cpp:25:76:[m[K [01;31m[Kerror: [m[Kexpected ‘[01m[K;[m[K’ at end of member declaration
   25 |     rclcpp::Service<example_interfaces::srv::AddTwoInts>::SharedPtr server_[01;31m[K:[m[K
      |                                                                            [01;31m[K^[m[K
      |                                                                             [32m[K;[m[K
[01m[K/home/wan/ros2_ws/src/my_cpp_pkg/src/add_two_ints_server.cpp:[m[K In constructor ‘[01m[KAddTwoIntsServer::[01;32m[KAddTwoIntsServer[m[K()[m[K’:
[01m[K/home/wan/ros2_ws/src/my_cpp_pkg/src/add_two_ints_server.cpp:11:9:[m[K [01;31m[Kerror: [m[K‘[01m[Kserver_[m[K’ was not declared in this scope
   11 |         [01;31m[Kserver_[m[K = this->create_service<example_interfaces::srv::AddTwoInts>(
      |         [01;31m[K^~~~~~~[m[K
[ 62%] [32m[1mLinking CXX executable cpp_node[0m
gmake[2]: *** [CMakeFiles/add_two_ints_server.dir/build.make:76: CMakeFiles/add_two_ints_server.dir/src/add_two_ints_server.cpp.o] Error 1
gmake[1]: *** [CMakeFiles/Makefile2:221: CMakeFiles/add_two_ints_server.dir/all] Error 2
gmake[1]: *** Waiting for unfinished jobs....
[ 62%] Built target cpp_node
[ 75%] [32m[1mLinking CXX executable robot_news_station[0m
[ 75%] Built target robot_news_station
[ 87%] [32m[1mLinking CXX executable smartphone[0m
[ 87%] Built target smartphone
gmake: *** [Makefile:146: all] Error 2
