[0.011s] Invoking command in '/home/wan/ros2_ws/build/my_robot_description': CMAKE_PREFIX_PATH=${CMAKE_PREFIX_PATH}:/home/wan/ros2_ws/install/turtlesim_catch_them_all:/home/wan/ros2_ws/install/my_py_pkg:/opt/ros/jazzy DEBUGINFOD_URLS=https://debuginfod.ubuntu.com /usr/bin/cmake --build /home/wan/ros2_ws/build/my_robot_description -- -j12 -l12
[0.038s] Invoked command in '/home/wan/ros2_ws/build/my_robot_description' returned '0': CMAKE_PREFIX_PATH=${CMAKE_PREFIX_PATH}:/home/wan/ros2_ws/install/turtlesim_catch_them_all:/home/wan/ros2_ws/install/my_py_pkg:/opt/ros/jazzy DEBUGINFOD_URLS=https://debuginfod.ubuntu.com /usr/bin/cmake --build /home/wan/ros2_ws/build/my_robot_description -- -j12 -l12
[0.044s] Invoking command in '/home/wan/ros2_ws/build/my_robot_description': CMAKE_PREFIX_PATH=${CMAKE_PREFIX_PATH}:/home/wan/ros2_ws/install/turtlesim_catch_them_all:/home/wan/ros2_ws/install/my_py_pkg:/opt/ros/jazzy DEBUGINFOD_URLS=https://debuginfod.ubuntu.com /usr/bin/cmake --install /home/wan/ros2_ws/build/my_robot_description
[0.049s] -- Install configuration: ""
[0.049s] -- Up-to-date: /home/wan/ros2_ws/install/my_robot_description/share/my_robot_description//urdf
[0.049s] -- Up-to-date: /home/wan/ros2_ws/install/my_robot_description/share/my_robot_description//urdf/my_robot.urdf
[0.049s] -- Up-to-date: /home/wan/ros2_ws/install/my_robot_description/share/ament_index/resource_index/package_run_dependencies/my_robot_description
[0.050s] -- Up-to-date: /home/wan/ros2_ws/install/my_robot_description/share/ament_index/resource_index/parent_prefix_path/my_robot_description
[0.050s] -- Up-to-date: /home/wan/ros2_ws/install/my_robot_description/share/my_robot_description/environment/ament_prefix_path.sh
[0.050s] -- Up-to-date: /home/wan/ros2_ws/install/my_robot_description/share/my_robot_description/environment/ament_prefix_path.dsv
[0.050s] -- Up-to-date: /home/wan/ros2_ws/install/my_robot_description/share/my_robot_description/environment/path.sh
[0.050s] -- Up-to-date: /home/wan/ros2_ws/install/my_robot_description/share/my_robot_description/environment/path.dsv
[0.050s] -- Up-to-date: /home/wan/ros2_ws/install/my_robot_description/share/my_robot_description/local_setup.bash
[0.050s] -- Up-to-date: /home/wan/ros2_ws/install/my_robot_description/share/my_robot_description/local_setup.sh
[0.050s] -- Up-to-date: /home/wan/ros2_ws/install/my_robot_description/share/my_robot_description/local_setup.zsh
[0.050s] -- Up-to-date: /home/wan/ros2_ws/install/my_robot_description/share/my_robot_description/local_setup.dsv
[0.050s] -- Up-to-date: /home/wan/ros2_ws/install/my_robot_description/share/my_robot_description/package.dsv
[0.050s] -- Up-to-date: /home/wan/ros2_ws/install/my_robot_description/share/ament_index/resource_index/packages/my_robot_description
[0.050s] -- Up-to-date: /home/wan/ros2_ws/install/my_robot_description/share/my_robot_description/cmake/my_robot_descriptionConfig.cmake
[0.050s] -- Up-to-date: /home/wan/ros2_ws/install/my_robot_description/share/my_robot_description/cmake/my_robot_descriptionConfig-version.cmake
[0.050s] -- Up-to-date: /home/wan/ros2_ws/install/my_robot_description/share/my_robot_description/package.xml
[0.051s] Invoked command in '/home/wan/ros2_ws/build/my_robot_description' returned '0': CMAKE_PREFIX_PATH=${CMAKE_PREFIX_PATH}:/home/wan/ros2_ws/install/turtlesim_catch_them_all:/home/wan/ros2_ws/install/my_py_pkg:/opt/ros/jazzy DEBUGINFOD_URLS=https://debuginfod.ubuntu.com /usr/bin/cmake --install /home/wan/ros2_ws/build/my_robot_description
