[0.012s] Invoking command in '/home/wan/ros2_ws/build/my_robot_description': CMAKE_PREFIX_PATH=${CMAKE_PREFIX_PATH}:/home/wan/ros2_ws/install/turtlesim_catch_them_all:/home/wan/ros2_ws/install/my_py_pkg:/opt/ros/jazzy DEBUGINFOD_URLS=https://debuginfod.ubuntu.com /usr/bin/cmake /home/wan/ros2_ws/src/my_robot_description -DCMAKE_INSTALL_PREFIX=/home/wan/ros2_ws/install/my_robot_description
[0.117s] -- The C compiler identification is GNU 13.3.0
[0.248s] -- The CXX compiler identification is GNU 13.3.0
[0.262s] -- Detecting C compiler ABI info
[0.329s] -- Detecting C compiler ABI info - done
[0.335s] -- Check for working C compiler: /usr/bin/cc - skipped
[0.336s] -- Detecting C compile features
[0.336s] -- Detecting C compile features - done
[0.344s] -- Detecting CXX compiler ABI info
[0.415s] -- Detecting CXX compiler ABI info - done
[0.421s] -- Check for working CXX compiler: /usr/bin/c++ - skipped
[0.421s] -- Detecting CXX compile features
[0.422s] -- Detecting CXX compile features - done
[0.428s] -- Found ament_cmake: 2.5.4 (/opt/ros/jazzy/share/ament_cmake/cmake)
[0.539s] -- Found Python3: /usr/bin/python3 (found version "3.12.3") found components: Interpreter 
[0.680s] -- Configuring done (0.7s)
[0.682s] -- Generating done (0.0s)
[0.683s] -- Build files have been written to: /home/wan/ros2_ws/build/my_robot_description
[0.687s] Invoked command in '/home/wan/ros2_ws/build/my_robot_description' returned '0': CMAKE_PREFIX_PATH=${CMAKE_PREFIX_PATH}:/home/wan/ros2_ws/install/turtlesim_catch_them_all:/home/wan/ros2_ws/install/my_py_pkg:/opt/ros/jazzy DEBUGINFOD_URLS=https://debuginfod.ubuntu.com /usr/bin/cmake /home/wan/ros2_ws/src/my_robot_description -DCMAKE_INSTALL_PREFIX=/home/wan/ros2_ws/install/my_robot_description
[0.688s] Invoking command in '/home/wan/ros2_ws/build/my_robot_description': CMAKE_PREFIX_PATH=${CMAKE_PREFIX_PATH}:/home/wan/ros2_ws/install/turtlesim_catch_them_all:/home/wan/ros2_ws/install/my_py_pkg:/opt/ros/jazzy DEBUGINFOD_URLS=https://debuginfod.ubuntu.com /usr/bin/cmake --build /home/wan/ros2_ws/build/my_robot_description -- -j12 -l12
[0.717s] Invoked command in '/home/wan/ros2_ws/build/my_robot_description' returned '0': CMAKE_PREFIX_PATH=${CMAKE_PREFIX_PATH}:/home/wan/ros2_ws/install/turtlesim_catch_them_all:/home/wan/ros2_ws/install/my_py_pkg:/opt/ros/jazzy DEBUGINFOD_URLS=https://debuginfod.ubuntu.com /usr/bin/cmake --build /home/wan/ros2_ws/build/my_robot_description -- -j12 -l12
[0.724s] Invoking command in '/home/wan/ros2_ws/build/my_robot_description': CMAKE_PREFIX_PATH=${CMAKE_PREFIX_PATH}:/home/wan/ros2_ws/install/turtlesim_catch_them_all:/home/wan/ros2_ws/install/my_py_pkg:/opt/ros/jazzy DEBUGINFOD_URLS=https://debuginfod.ubuntu.com /usr/bin/cmake --install /home/wan/ros2_ws/build/my_robot_description
[0.729s] -- Install configuration: ""
[0.729s] -- Installing: /home/wan/ros2_ws/install/my_robot_description/share/my_robot_description//urdf
[0.729s] -- Installing: /home/wan/ros2_ws/install/my_robot_description/share/my_robot_description//urdf/my_robot.urdf
[0.729s] -- Installing: /home/wan/ros2_ws/install/my_robot_description/share/ament_index/resource_index/package_run_dependencies/my_robot_description
[0.729s] -- Installing: /home/wan/ros2_ws/install/my_robot_description/share/ament_index/resource_index/parent_prefix_path/my_robot_description
[0.729s] -- Installing: /home/wan/ros2_ws/install/my_robot_description/share/my_robot_description/environment/ament_prefix_path.sh
[0.729s] -- Installing: /home/wan/ros2_ws/install/my_robot_description/share/my_robot_description/environment/ament_prefix_path.dsv
[0.729s] -- Installing: /home/wan/ros2_ws/install/my_robot_description/share/my_robot_description/environment/path.sh
[0.729s] -- Installing: /home/wan/ros2_ws/install/my_robot_description/share/my_robot_description/environment/path.dsv
[0.729s] -- Installing: /home/wan/ros2_ws/install/my_robot_description/share/my_robot_description/local_setup.bash
[0.730s] -- Installing: /home/wan/ros2_ws/install/my_robot_description/share/my_robot_description/local_setup.sh
[0.730s] -- Installing: /home/wan/ros2_ws/install/my_robot_description/share/my_robot_description/local_setup.zsh
[0.730s] -- Installing: /home/wan/ros2_ws/install/my_robot_description/share/my_robot_description/local_setup.dsv
[0.730s] -- Installing: /home/wan/ros2_ws/install/my_robot_description/share/my_robot_description/package.dsv
[0.730s] -- Installing: /home/wan/ros2_ws/install/my_robot_description/share/ament_index/resource_index/packages/my_robot_description
[0.730s] -- Installing: /home/wan/ros2_ws/install/my_robot_description/share/my_robot_description/cmake/my_robot_descriptionConfig.cmake
[0.730s] -- Installing: /home/wan/ros2_ws/install/my_robot_description/share/my_robot_description/cmake/my_robot_descriptionConfig-version.cmake
[0.730s] -- Installing: /home/wan/ros2_ws/install/my_robot_description/share/my_robot_description/package.xml
[0.731s] Invoked command in '/home/wan/ros2_ws/build/my_robot_description' returned '0': CMAKE_PREFIX_PATH=${CMAKE_PREFIX_PATH}:/home/wan/ros2_ws/install/turtlesim_catch_them_all:/home/wan/ros2_ws/install/my_py_pkg:/opt/ros/jazzy DEBUGINFOD_URLS=https://debuginfod.ubuntu.com /usr/bin/cmake --install /home/wan/ros2_ws/build/my_robot_description
