[0.733s] Invoking command in '/home/wan/ros2_ws/src/my_py_pkg': CMAKE_PREFIX_PATH=/home/wan/ros2_ws/install/my_robot_interfaces:/home/wan/ros2_ws/install/my_robot_bringup:/home/wan/ros2_ws/install/my_cpp_pkg:/opt/ros/jazzy/opt/gz_math_vendor:/opt/ros/jazzy/opt/gz_utils_vendor:/opt/ros/jazzy/opt/gz_cmake_vendor DEBUGINFOD_URLS=https://debuginfod.ubuntu.com PYTHONPATH=/home/wan/ros2_ws/build/my_py_pkg/prefix_override:/usr/lib/python3/dist-packages/colcon_core/task/python/colcon_distutils_commands:/home/wan/ros2_ws/install/my_py_pkg/lib/python3.12/site-packages:/home/wan/ros2_ws/install/my_robot_interfaces/lib/python3.12/site-packages:/home/wan/ros2_ws/build/turtlesim_catch_them_all:/home/wan/ros2_ws/install/turtlesim_catch_them_all/lib/python3.12/site-packages:/home/wan/ros2_ws/build/my_py_pkg:/home/wan/ros2_ws/install/my_py_pkg/lib/python3.12/site-packages:/opt/ros/jazzy/lib/python3.12/site-packages /usr/bin/python3 -W ignore:setup.py install is deprecated -W ignore:easy_install command is deprecated setup.py egg_info --egg-base ../../build/my_py_pkg build --build-base /home/wan/ros2_ws/build/my_py_pkg/build install --record /home/wan/ros2_ws/build/my_py_pkg/install.log --single-version-externally-managed install_data
[0.912s] running egg_info
[0.925s] writing ../../build/my_py_pkg/my_py_pkg.egg-info/PKG-INFO
[0.925s] writing dependency_links to ../../build/my_py_pkg/my_py_pkg.egg-info/dependency_links.txt
[0.926s] writing entry points to ../../build/my_py_pkg/my_py_pkg.egg-info/entry_points.txt
[0.926s] writing requirements to ../../build/my_py_pkg/my_py_pkg.egg-info/requires.txt
[0.926s] writing top-level names to ../../build/my_py_pkg/my_py_pkg.egg-info/top_level.txt
[0.952s] reading manifest file '../../build/my_py_pkg/my_py_pkg.egg-info/SOURCES.txt'
[0.953s] writing manifest file '../../build/my_py_pkg/my_py_pkg.egg-info/SOURCES.txt'
[0.953s] running build
[0.953s] running build_py
[0.953s] running install
[0.958s] running install_lib
[0.972s] running install_data
[0.972s] running install_egg_info
[0.986s] removing '/home/wan/ros2_ws/install/my_py_pkg/lib/python3.12/site-packages/my_py_pkg-0.0.0-py3.12.egg-info' (and everything under it)
[0.986s] Copying ../../build/my_py_pkg/my_py_pkg.egg-info to /home/wan/ros2_ws/install/my_py_pkg/lib/python3.12/site-packages/my_py_pkg-0.0.0-py3.12.egg-info
[0.987s] running install_scripts
[1.087s] Installing add_two_ints_client script to /home/wan/ros2_ws/install/my_py_pkg/lib/my_py_pkg
[1.087s] Installing add_two_ints_client_no_oop script to /home/wan/ros2_ws/install/my_py_pkg/lib/my_py_pkg
[1.087s] Installing add_two_ints_server script to /home/wan/ros2_ws/install/my_py_pkg/lib/my_py_pkg
[1.087s] Installing battery script to /home/wan/ros2_ws/install/my_py_pkg/lib/my_py_pkg
[1.087s] Installing hardware_status_publisher script to /home/wan/ros2_ws/install/my_py_pkg/lib/my_py_pkg
[1.087s] Installing led_panel script to /home/wan/ros2_ws/install/my_py_pkg/lib/my_py_pkg
[1.087s] Installing my_first_node script to /home/wan/ros2_ws/install/my_py_pkg/lib/my_py_pkg
[1.087s] Installing number_counter script to /home/wan/ros2_ws/install/my_py_pkg/lib/my_py_pkg
[1.088s] Installing number_publisher script to /home/wan/ros2_ws/install/my_py_pkg/lib/my_py_pkg
[1.088s] Installing robot_news_station script to /home/wan/ros2_ws/install/my_py_pkg/lib/my_py_pkg
[1.088s] Installing smartphone script to /home/wan/ros2_ws/install/my_py_pkg/lib/my_py_pkg
[1.088s] writing list of installed files to '/home/wan/ros2_ws/build/my_py_pkg/install.log'
[1.123s] Invoked command in '/home/wan/ros2_ws/src/my_py_pkg' returned '0': CMAKE_PREFIX_PATH=/home/wan/ros2_ws/install/my_robot_interfaces:/home/wan/ros2_ws/install/my_robot_bringup:/home/wan/ros2_ws/install/my_cpp_pkg:/opt/ros/jazzy/opt/gz_math_vendor:/opt/ros/jazzy/opt/gz_utils_vendor:/opt/ros/jazzy/opt/gz_cmake_vendor DEBUGINFOD_URLS=https://debuginfod.ubuntu.com PYTHONPATH=/home/wan/ros2_ws/build/my_py_pkg/prefix_override:/usr/lib/python3/dist-packages/colcon_core/task/python/colcon_distutils_commands:/home/wan/ros2_ws/install/my_py_pkg/lib/python3.12/site-packages:/home/wan/ros2_ws/install/my_robot_interfaces/lib/python3.12/site-packages:/home/wan/ros2_ws/build/turtlesim_catch_them_all:/home/wan/ros2_ws/install/turtlesim_catch_them_all/lib/python3.12/site-packages:/home/wan/ros2_ws/build/my_py_pkg:/home/wan/ros2_ws/install/my_py_pkg/lib/python3.12/site-packages:/opt/ros/jazzy/lib/python3.12/site-packages /usr/bin/python3 -W ignore:setup.py install is deprecated -W ignore:easy_install command is deprecated setup.py egg_info --egg-base ../../build/my_py_pkg build --build-base /home/wan/ros2_ws/build/my_py_pkg/build install --record /home/wan/ros2_ws/build/my_py_pkg/install.log --single-version-externally-managed install_data
