[0.011s] Invoking command in '/home/wan/ros2_ws/build/my_robot_bringup': AMENT_PREFIX_PATH=/home/wan/ros2_ws/install/my_py_pkg:/home/wan/ros2_ws/install/my_robot_bringup:/home/wan/ros2_ws/install/my_cpp_pkg:/home/wan/ros2_ws/install/my_robot_interfaces:/opt/ros/jazzy CMAKE_PREFIX_PATH=/home/wan/ros2_ws/install/my_cpp_pkg:/home/wan/ros2_ws/install/my_robot_interfaces:/home/wan/ros2_ws/install/my_robot_bringup:/opt/ros/jazzy/opt/gz_math_vendor:/opt/ros/jazzy/opt/gz_utils_vendor:/opt/ros/jazzy/opt/gz_cmake_vendor:/home/wan/ros2_ws/install/my_py_pkg:/opt/ros/jazzy DEBUGINFOD_URLS=https://debuginfod.ubuntu.com /usr/bin/cmake --build /home/wan/ros2_ws/build/my_robot_bringup -- -j12 -l12
[0.030s] -- Found ament_cmake: 2.5.4 (/opt/ros/jazzy/share/ament_cmake/cmake)
[0.239s] -- Configuring done (0.2s)
[0.242s] -- Generating done (0.0s)
[0.243s] -- Build files have been written to: /home/wan/ros2_ws/build/my_robot_bringup
[0.258s] Invoked command in '/home/wan/ros2_ws/build/my_robot_bringup' returned '0': AMENT_PREFIX_PATH=/home/wan/ros2_ws/install/my_py_pkg:/home/wan/ros2_ws/install/my_robot_bringup:/home/wan/ros2_ws/install/my_cpp_pkg:/home/wan/ros2_ws/install/my_robot_interfaces:/opt/ros/jazzy CMAKE_PREFIX_PATH=/home/wan/ros2_ws/install/my_cpp_pkg:/home/wan/ros2_ws/install/my_robot_interfaces:/home/wan/ros2_ws/install/my_robot_bringup:/opt/ros/jazzy/opt/gz_math_vendor:/opt/ros/jazzy/opt/gz_utils_vendor:/opt/ros/jazzy/opt/gz_cmake_vendor:/home/wan/ros2_ws/install/my_py_pkg:/opt/ros/jazzy DEBUGINFOD_URLS=https://debuginfod.ubuntu.com /usr/bin/cmake --build /home/wan/ros2_ws/build/my_robot_bringup -- -j12 -l12
[0.264s] Invoking command in '/home/wan/ros2_ws/build/my_robot_bringup': AMENT_PREFIX_PATH=/home/wan/ros2_ws/install/my_py_pkg:/home/wan/ros2_ws/install/my_robot_bringup:/home/wan/ros2_ws/install/my_cpp_pkg:/home/wan/ros2_ws/install/my_robot_interfaces:/opt/ros/jazzy CMAKE_PREFIX_PATH=/home/wan/ros2_ws/install/my_cpp_pkg:/home/wan/ros2_ws/install/my_robot_interfaces:/home/wan/ros2_ws/install/my_robot_bringup:/opt/ros/jazzy/opt/gz_math_vendor:/opt/ros/jazzy/opt/gz_utils_vendor:/opt/ros/jazzy/opt/gz_cmake_vendor:/home/wan/ros2_ws/install/my_py_pkg:/opt/ros/jazzy DEBUGINFOD_URLS=https://debuginfod.ubuntu.com /usr/bin/cmake --install /home/wan/ros2_ws/build/my_robot_bringup
[0.269s] -- Install configuration: ""
[0.269s] -- Up-to-date: /home/wan/ros2_ws/install/my_robot_bringup/share/my_robot_bringup//launch
[0.269s] -- Up-to-date: /home/wan/ros2_ws/install/my_robot_bringup/share/my_robot_bringup//launch/number_app_from_python.launch.xml
[0.269s] -- Installing: /home/wan/ros2_ws/install/my_robot_bringup/share/my_robot_bringup//launch/number_app.launch.xml
[0.269s] -- Installing: /home/wan/ros2_ws/install/my_robot_bringup/share/my_robot_bringup//launch/number_app.launch.py
[0.270s] -- Installing: /home/wan/ros2_ws/install/my_robot_bringup/share/my_robot_bringup//config
[0.270s] -- Up-to-date: /home/wan/ros2_ws/install/my_robot_bringup/share/ament_index/resource_index/package_run_dependencies/my_robot_bringup
[0.270s] -- Installing: /home/wan/ros2_ws/install/my_robot_bringup/share/ament_index/resource_index/parent_prefix_path/my_robot_bringup
[0.270s] -- Up-to-date: /home/wan/ros2_ws/install/my_robot_bringup/share/my_robot_bringup/environment/ament_prefix_path.sh
[0.270s] -- Up-to-date: /home/wan/ros2_ws/install/my_robot_bringup/share/my_robot_bringup/environment/ament_prefix_path.dsv
[0.270s] -- Up-to-date: /home/wan/ros2_ws/install/my_robot_bringup/share/my_robot_bringup/environment/path.sh
[0.270s] -- Up-to-date: /home/wan/ros2_ws/install/my_robot_bringup/share/my_robot_bringup/environment/path.dsv
[0.270s] -- Up-to-date: /home/wan/ros2_ws/install/my_robot_bringup/share/my_robot_bringup/local_setup.bash
[0.270s] -- Up-to-date: /home/wan/ros2_ws/install/my_robot_bringup/share/my_robot_bringup/local_setup.sh
[0.270s] -- Up-to-date: /home/wan/ros2_ws/install/my_robot_bringup/share/my_robot_bringup/local_setup.zsh
[0.270s] -- Up-to-date: /home/wan/ros2_ws/install/my_robot_bringup/share/my_robot_bringup/local_setup.dsv
[0.270s] -- Installing: /home/wan/ros2_ws/install/my_robot_bringup/share/my_robot_bringup/package.dsv
[0.270s] -- Up-to-date: /home/wan/ros2_ws/install/my_robot_bringup/share/ament_index/resource_index/packages/my_robot_bringup
[0.270s] -- Up-to-date: /home/wan/ros2_ws/install/my_robot_bringup/share/my_robot_bringup/cmake/my_robot_bringupConfig.cmake
[0.270s] -- Up-to-date: /home/wan/ros2_ws/install/my_robot_bringup/share/my_robot_bringup/cmake/my_robot_bringupConfig-version.cmake
[0.270s] -- Up-to-date: /home/wan/ros2_ws/install/my_robot_bringup/share/my_robot_bringup/package.xml
[0.271s] Invoked command in '/home/wan/ros2_ws/build/my_robot_bringup' returned '0': AMENT_PREFIX_PATH=/home/wan/ros2_ws/install/my_py_pkg:/home/wan/ros2_ws/install/my_robot_bringup:/home/wan/ros2_ws/install/my_cpp_pkg:/home/wan/ros2_ws/install/my_robot_interfaces:/opt/ros/jazzy CMAKE_PREFIX_PATH=/home/wan/ros2_ws/install/my_cpp_pkg:/home/wan/ros2_ws/install/my_robot_interfaces:/home/wan/ros2_ws/install/my_robot_bringup:/opt/ros/jazzy/opt/gz_math_vendor:/opt/ros/jazzy/opt/gz_utils_vendor:/opt/ros/jazzy/opt/gz_cmake_vendor:/home/wan/ros2_ws/install/my_py_pkg:/opt/ros/jazzy DEBUGINFOD_URLS=https://debuginfod.ubuntu.com /usr/bin/cmake --install /home/wan/ros2_ws/build/my_robot_bringup
