[0.678s] Invoking command in '/home/wan/ros2_ws/build/my_py_pkg': DEBUGINFOD_URLS=https://debuginfod.ubuntu.com PYTHONPATH=/home/wan/ros2_ws/build/my_py_pkg/prefix_override:/usr/lib/python3/dist-packages/colcon_core/task/python/colcon_distutils_commands:/home/wan/ros2_ws/install/my_py_pkg/lib/python3.12/site-packages:${PYTHONPATH} /usr/bin/python3 -W ignore:setup.py install is deprecated -W ignore:easy_install command is deprecated setup.py develop --editable --build-directory /home/wan/ros2_ws/build/my_py_pkg/build --no-deps symlink_data
[0.886s] running develop
[1.013s] running egg_info
[1.025s] writing my_py_pkg.egg-info/PKG-INFO
[1.025s] writing dependency_links to my_py_pkg.egg-info/dependency_links.txt
[1.026s] writing entry points to my_py_pkg.egg-info/entry_points.txt
[1.026s] writing requirements to my_py_pkg.egg-info/requires.txt
[1.026s] writing top-level names to my_py_pkg.egg-info/top_level.txt
[1.050s] reading manifest file 'my_py_pkg.egg-info/SOURCES.txt'
[1.051s] writing manifest file 'my_py_pkg.egg-info/SOURCES.txt'
[1.064s] running build_ext
[1.064s] Creating /home/wan/ros2_ws/install/my_py_pkg/lib/python3.12/site-packages/my-py-pkg.egg-link (link to .)
[1.065s] Installing add_two_ints_client script to /home/wan/ros2_ws/install/my_py_pkg/lib/my_py_pkg
[1.065s] Installing add_two_ints_client_no_oop script to /home/wan/ros2_ws/install/my_py_pkg/lib/my_py_pkg
[1.065s] Installing add_two_ints_server script to /home/wan/ros2_ws/install/my_py_pkg/lib/my_py_pkg
[1.065s] Installing my_first_node script to /home/wan/ros2_ws/install/my_py_pkg/lib/my_py_pkg
[1.065s] Installing number_counter script to /home/wan/ros2_ws/install/my_py_pkg/lib/my_py_pkg
[1.065s] Installing number_publisher script to /home/wan/ros2_ws/install/my_py_pkg/lib/my_py_pkg
[1.065s] Installing robot_news_station script to /home/wan/ros2_ws/install/my_py_pkg/lib/my_py_pkg
[1.065s] Installing smartphone script to /home/wan/ros2_ws/install/my_py_pkg/lib/my_py_pkg
[1.065s] 
[1.065s] Installed /home/wan/ros2_ws/build/my_py_pkg
[1.065s] running symlink_data
[1.089s] Invoked command in '/home/wan/ros2_ws/build/my_py_pkg' returned '0': DEBUGINFOD_URLS=https://debuginfod.ubuntu.com PYTHONPATH=/home/wan/ros2_ws/build/my_py_pkg/prefix_override:/usr/lib/python3/dist-packages/colcon_core/task/python/colcon_distutils_commands:/home/wan/ros2_ws/install/my_py_pkg/lib/python3.12/site-packages:${PYTHONPATH} /usr/bin/python3 -W ignore:setup.py install is deprecated -W ignore:easy_install command is deprecated setup.py develop --editable --build-directory /home/wan/ros2_ws/build/my_py_pkg/build --no-deps symlink_data
