[0.014s] Invoking command in '/home/wan/ros2_ws/build/my_cpp_pkg': CMAKE_PREFIX_PATH=/home/wan/ros2_ws/install/my_robot_interfaces:/home/wan/ros2_ws/install/my_cpp_pkg:/opt/ros/jazzy/opt/gz_math_vendor:/opt/ros/jazzy/opt/gz_utils_vendor:/opt/ros/jazzy/opt/gz_cmake_vendor:/home/wan/ros2_ws/install/my_py_pkg:/opt/ros/jazzy DEBUGINFOD_URLS=https://debuginfod.ubuntu.com PYTHONPATH=/home/wan/ros2_ws/install/my_robot_interfaces/lib/python3.12/site-packages:/home/wan/ros2_ws/build/my_py_pkg:/home/wan/ros2_ws/install/my_py_pkg/lib/python3.12/site-packages:/opt/ros/jazzy/lib/python3.12/site-packages /usr/bin/cmake --build /home/wan/ros2_ws/build/my_cpp_pkg -- -j12 -l12
[0.108s] [ 11%] Built target number_counter
[0.109s] [ 77%] Built target robot_news_station
[0.109s] [ 38%] Built target add_two_ints_client_no_oop
[0.109s] [ 77%] Built target number_publisher
[0.109s] [ 77%] Built target smartphone
[0.109s] [ 77%] Built target cpp_node
[0.110s] [ 77%] Built target add_two_ints_server
[0.110s] [ 88%] Built target add_two_ints_client
[0.114s] [100%] Built target hardware_status_publisher
[0.122s] Invoked command in '/home/wan/ros2_ws/build/my_cpp_pkg' returned '0': CMAKE_PREFIX_PATH=/home/wan/ros2_ws/install/my_robot_interfaces:/home/wan/ros2_ws/install/my_cpp_pkg:/opt/ros/jazzy/opt/gz_math_vendor:/opt/ros/jazzy/opt/gz_utils_vendor:/opt/ros/jazzy/opt/gz_cmake_vendor:/home/wan/ros2_ws/install/my_py_pkg:/opt/ros/jazzy DEBUGINFOD_URLS=https://debuginfod.ubuntu.com PYTHONPATH=/home/wan/ros2_ws/install/my_robot_interfaces/lib/python3.12/site-packages:/home/wan/ros2_ws/build/my_py_pkg:/home/wan/ros2_ws/install/my_py_pkg/lib/python3.12/site-packages:/opt/ros/jazzy/lib/python3.12/site-packages /usr/bin/cmake --build /home/wan/ros2_ws/build/my_cpp_pkg -- -j12 -l12
[0.131s] Invoking command in '/home/wan/ros2_ws/build/my_cpp_pkg': CMAKE_PREFIX_PATH=/home/wan/ros2_ws/install/my_robot_interfaces:/home/wan/ros2_ws/install/my_cpp_pkg:/opt/ros/jazzy/opt/gz_math_vendor:/opt/ros/jazzy/opt/gz_utils_vendor:/opt/ros/jazzy/opt/gz_cmake_vendor:/home/wan/ros2_ws/install/my_py_pkg:/opt/ros/jazzy DEBUGINFOD_URLS=https://debuginfod.ubuntu.com PYTHONPATH=/home/wan/ros2_ws/install/my_robot_interfaces/lib/python3.12/site-packages:/home/wan/ros2_ws/build/my_py_pkg:/home/wan/ros2_ws/install/my_py_pkg/lib/python3.12/site-packages:/opt/ros/jazzy/lib/python3.12/site-packages /usr/bin/cmake --install /home/wan/ros2_ws/build/my_cpp_pkg
[0.137s] -- Install configuration: ""
[0.138s] -- Up-to-date: /home/wan/ros2_ws/install/my_cpp_pkg/lib/my_cpp_pkg/cpp_node
[0.138s] -- Up-to-date: /home/wan/ros2_ws/install/my_cpp_pkg/lib/my_cpp_pkg/robot_news_station
[0.139s] -- Up-to-date: /home/wan/ros2_ws/install/my_cpp_pkg/lib/my_cpp_pkg/smartphone
[0.139s] -- Up-to-date: /home/wan/ros2_ws/install/my_cpp_pkg/lib/my_cpp_pkg/number_publisher
[0.139s] -- Up-to-date: /home/wan/ros2_ws/install/my_cpp_pkg/lib/my_cpp_pkg/number_counter
[0.140s] -- Up-to-date: /home/wan/ros2_ws/install/my_cpp_pkg/lib/my_cpp_pkg/add_two_ints_server
[0.140s] -- Up-to-date: /home/wan/ros2_ws/install/my_cpp_pkg/lib/my_cpp_pkg/add_two_ints_client_no_oop
[0.140s] -- Up-to-date: /home/wan/ros2_ws/install/my_cpp_pkg/lib/my_cpp_pkg/add_two_ints_client
[0.141s] -- Up-to-date: /home/wan/ros2_ws/install/my_cpp_pkg/lib/my_cpp_pkg/hardware_status_publisher
[0.141s] -- Up-to-date: /home/wan/ros2_ws/install/my_cpp_pkg/share/ament_index/resource_index/package_run_dependencies/my_cpp_pkg
[0.141s] -- Up-to-date: /home/wan/ros2_ws/install/my_cpp_pkg/share/ament_index/resource_index/parent_prefix_path/my_cpp_pkg
[0.141s] -- Up-to-date: /home/wan/ros2_ws/install/my_cpp_pkg/share/my_cpp_pkg/environment/ament_prefix_path.sh
[0.141s] -- Up-to-date: /home/wan/ros2_ws/install/my_cpp_pkg/share/my_cpp_pkg/environment/ament_prefix_path.dsv
[0.141s] -- Up-to-date: /home/wan/ros2_ws/install/my_cpp_pkg/share/my_cpp_pkg/environment/path.sh
[0.141s] -- Up-to-date: /home/wan/ros2_ws/install/my_cpp_pkg/share/my_cpp_pkg/environment/path.dsv
[0.141s] -- Up-to-date: /home/wan/ros2_ws/install/my_cpp_pkg/share/my_cpp_pkg/local_setup.bash
[0.141s] -- Up-to-date: /home/wan/ros2_ws/install/my_cpp_pkg/share/my_cpp_pkg/local_setup.sh
[0.141s] -- Up-to-date: /home/wan/ros2_ws/install/my_cpp_pkg/share/my_cpp_pkg/local_setup.zsh
[0.141s] -- Up-to-date: /home/wan/ros2_ws/install/my_cpp_pkg/share/my_cpp_pkg/local_setup.dsv
[0.141s] -- Installing: /home/wan/ros2_ws/install/my_cpp_pkg/share/my_cpp_pkg/package.dsv
[0.141s] -- Up-to-date: /home/wan/ros2_ws/install/my_cpp_pkg/share/ament_index/resource_index/packages/my_cpp_pkg
[0.141s] -- Up-to-date: /home/wan/ros2_ws/install/my_cpp_pkg/share/my_cpp_pkg/cmake/my_cpp_pkgConfig.cmake
[0.141s] -- Up-to-date: /home/wan/ros2_ws/install/my_cpp_pkg/share/my_cpp_pkg/cmake/my_cpp_pkgConfig-version.cmake
[0.142s] -- Up-to-date: /home/wan/ros2_ws/install/my_cpp_pkg/share/my_cpp_pkg/package.xml
[0.143s] Invoked command in '/home/wan/ros2_ws/build/my_cpp_pkg' returned '0': CMAKE_PREFIX_PATH=/home/wan/ros2_ws/install/my_robot_interfaces:/home/wan/ros2_ws/install/my_cpp_pkg:/opt/ros/jazzy/opt/gz_math_vendor:/opt/ros/jazzy/opt/gz_utils_vendor:/opt/ros/jazzy/opt/gz_cmake_vendor:/home/wan/ros2_ws/install/my_py_pkg:/opt/ros/jazzy DEBUGINFOD_URLS=https://debuginfod.ubuntu.com PYTHONPATH=/home/wan/ros2_ws/install/my_robot_interfaces/lib/python3.12/site-packages:/home/wan/ros2_ws/build/my_py_pkg:/home/wan/ros2_ws/install/my_py_pkg/lib/python3.12/site-packages:/opt/ros/jazzy/lib/python3.12/site-packages /usr/bin/cmake --install /home/wan/ros2_ws/build/my_cpp_pkg
