[0.010s] Invoking command in '/home/wan/ros2_ws/build/my_cpp_pkg': CMAKE_PREFIX_PATH=${CMAKE_PREFIX_PATH}:/home/wan/ros2_ws/install/my_py_pkg:/opt/ros/jazzy DEBUGINFOD_URLS=https://debuginfod.ubuntu.com /usr/bin/cmake --build /home/wan/ros2_ws/build/my_cpp_pkg -- -j12 -l12
[0.035s] -- Found ament_cmake: 2.5.4 (/opt/ros/jazzy/share/ament_cmake/cmake)
[0.197s] -- Found rclcpp: 28.1.13 (/opt/ros/jazzy/share/rclcpp/cmake)
[0.231s] -- Found rosidl_generator_c: 4.6.6 (/opt/ros/jazzy/share/rosidl_generator_c/cmake)
[0.239s] -- Found rosidl_generator_cpp: 4.6.6 (/opt/ros/jazzy/share/rosidl_generator_cpp/cmake)
[0.250s] -- Using all available rosidl_typesupport_c: rosidl_typesupport_fastrtps_c;rosidl_typesupport_introspection_c
[0.263s] -- Using all available rosidl_typesupport_cpp: rosidl_typesupport_fastrtps_cpp;rosidl_typesupport_introspection_cpp
[0.323s] -- Found rmw_implementation_cmake: 7.3.2 (/opt/ros/jazzy/share/rmw_implementation_cmake/cmake)
[0.325s] -- Found rmw_fastrtps_cpp: 8.4.3 (/opt/ros/jazzy/share/rmw_fastrtps_cpp/cmake)
[0.376s] -- Using RMW implementation 'rmw_fastrtps_cpp' as default
[0.437s] -- Found example_interfaces: 0.12.0 (/opt/ros/jazzy/share/example_interfaces/cmake)
[0.553s] -- Configuring done (0.5s)
[0.574s] -- Generating done (0.0s)
[0.580s] -- Build files have been written to: /home/wan/ros2_ws/build/my_cpp_pkg
[0.608s] [ 10%] [32mBuilding CXX object CMakeFiles/number_publisher.dir/src/number_publisher.cpp.o[0m
[0.613s] [ 70%] Built target add_two_ints_server
[0.613s] [ 70%] Built target cpp_node
[0.614s] [ 70%] Built target smartphone
[0.614s] [ 90%] Built target robot_news_station
[3.494s] [100%] [32m[1mLinking CXX executable number_publisher[0m
[3.651s] [100%] Built target number_publisher
[3.659s] Invoked command in '/home/wan/ros2_ws/build/my_cpp_pkg' returned '0': CMAKE_PREFIX_PATH=${CMAKE_PREFIX_PATH}:/home/wan/ros2_ws/install/my_py_pkg:/opt/ros/jazzy DEBUGINFOD_URLS=https://debuginfod.ubuntu.com /usr/bin/cmake --build /home/wan/ros2_ws/build/my_cpp_pkg -- -j12 -l12
[3.665s] Invoking command in '/home/wan/ros2_ws/build/my_cpp_pkg': CMAKE_PREFIX_PATH=${CMAKE_PREFIX_PATH}:/home/wan/ros2_ws/install/my_py_pkg:/opt/ros/jazzy DEBUGINFOD_URLS=https://debuginfod.ubuntu.com /usr/bin/cmake --install /home/wan/ros2_ws/build/my_cpp_pkg
[3.670s] -- Install configuration: ""
[3.670s] -- Up-to-date: /home/wan/ros2_ws/install/my_cpp_pkg/lib/my_cpp_pkg/cpp_node
[3.670s] -- Up-to-date: /home/wan/ros2_ws/install/my_cpp_pkg/lib/my_cpp_pkg/robot_news_station
[3.671s] -- Up-to-date: /home/wan/ros2_ws/install/my_cpp_pkg/lib/my_cpp_pkg/smartphone
[3.671s] -- Installing: /home/wan/ros2_ws/install/my_cpp_pkg/lib/my_cpp_pkg/number_publisher
[3.672s] -- Set non-toolchain portion of runtime path of "/home/wan/ros2_ws/install/my_cpp_pkg/lib/my_cpp_pkg/number_publisher" to ""
[3.672s] -- Up-to-date: /home/wan/ros2_ws/install/my_cpp_pkg/lib/my_cpp_pkg/add_two_ints_server
[3.672s] -- Up-to-date: /home/wan/ros2_ws/install/my_cpp_pkg/share/ament_index/resource_index/package_run_dependencies/my_cpp_pkg
[3.672s] -- Up-to-date: /home/wan/ros2_ws/install/my_cpp_pkg/share/ament_index/resource_index/parent_prefix_path/my_cpp_pkg
[3.672s] -- Up-to-date: /home/wan/ros2_ws/install/my_cpp_pkg/share/my_cpp_pkg/environment/ament_prefix_path.sh
[3.672s] -- Up-to-date: /home/wan/ros2_ws/install/my_cpp_pkg/share/my_cpp_pkg/environment/ament_prefix_path.dsv
[3.672s] -- Up-to-date: /home/wan/ros2_ws/install/my_cpp_pkg/share/my_cpp_pkg/environment/path.sh
[3.672s] -- Up-to-date: /home/wan/ros2_ws/install/my_cpp_pkg/share/my_cpp_pkg/environment/path.dsv
[3.672s] -- Up-to-date: /home/wan/ros2_ws/install/my_cpp_pkg/share/my_cpp_pkg/local_setup.bash
[3.672s] -- Up-to-date: /home/wan/ros2_ws/install/my_cpp_pkg/share/my_cpp_pkg/local_setup.sh
[3.672s] -- Up-to-date: /home/wan/ros2_ws/install/my_cpp_pkg/share/my_cpp_pkg/local_setup.zsh
[3.672s] -- Up-to-date: /home/wan/ros2_ws/install/my_cpp_pkg/share/my_cpp_pkg/local_setup.dsv
[3.672s] -- Installing: /home/wan/ros2_ws/install/my_cpp_pkg/share/my_cpp_pkg/package.dsv
[3.672s] -- Up-to-date: /home/wan/ros2_ws/install/my_cpp_pkg/share/ament_index/resource_index/packages/my_cpp_pkg
[3.672s] -- Up-to-date: /home/wan/ros2_ws/install/my_cpp_pkg/share/my_cpp_pkg/cmake/my_cpp_pkgConfig.cmake
[3.672s] -- Up-to-date: /home/wan/ros2_ws/install/my_cpp_pkg/share/my_cpp_pkg/cmake/my_cpp_pkgConfig-version.cmake
[3.672s] -- Up-to-date: /home/wan/ros2_ws/install/my_cpp_pkg/share/my_cpp_pkg/package.xml
[3.673s] Invoked command in '/home/wan/ros2_ws/build/my_cpp_pkg' returned '0': CMAKE_PREFIX_PATH=${CMAKE_PREFIX_PATH}:/home/wan/ros2_ws/install/my_py_pkg:/opt/ros/jazzy DEBUGINFOD_URLS=https://debuginfod.ubuntu.com /usr/bin/cmake --install /home/wan/ros2_ws/build/my_cpp_pkg
