[0.009s] Invoking command in '/home/wan/ros2_ws/build/my_cpp_pkg': CMAKE_PREFIX_PATH=${CMAKE_PREFIX_PATH}:/home/wan/ros2_ws/install/my_py_pkg:/opt/ros/jazzy DEBUGINFOD_URLS=https://debuginfod.ubuntu.com /usr/bin/cmake /home/wan/ros2_ws/src/my_cpp_pkg -DCMAKE_INSTALL_PREFIX=/home/wan/ros2_ws/install/my_cpp_pkg
[0.019s] -- Found ament_cmake: 2.5.4 (/opt/ros/jazzy/share/ament_cmake/cmake)
[0.180s] -- Found rclcpp: 28.1.13 (/opt/ros/jazzy/share/rclcpp/cmake)
[0.199s] -- Found rosidl_generator_c: 4.6.6 (/opt/ros/jazzy/share/rosidl_generator_c/cmake)
[0.206s] -- Found rosidl_generator_cpp: 4.6.6 (/opt/ros/jazzy/share/rosidl_generator_cpp/cmake)
[0.214s] -- Using all available rosidl_typesupport_c: rosidl_typesupport_fastrtps_c;rosidl_typesupport_introspection_c
[0.223s] -- Using all available rosidl_typesupport_cpp: rosidl_typesupport_fastrtps_cpp;rosidl_typesupport_introspection_cpp
[0.268s] -- Found rmw_implementation_cmake: 7.3.2 (/opt/ros/jazzy/share/rmw_implementation_cmake/cmake)
[0.269s] -- Found rmw_fastrtps_cpp: 8.4.3 (/opt/ros/jazzy/share/rmw_fastrtps_cpp/cmake)
[0.317s] -- Using RMW implementation 'rmw_fastrtps_cpp' as default
[0.362s] -- Found example_interfaces: 0.12.0 (/opt/ros/jazzy/share/example_interfaces/cmake)
[0.471s] -- Configuring done (0.5s)
[0.474s] [31mCMake Error at CMakeLists.txt:22 (add_executable):
[0.474s]   Cannot find source file:
[0.474s] 
[0.474s]     src/number_publisher.cpp
[0.474s] 
[0.474s]   Tried extensions .c .C .c++ .cc .cpp .cxx .cu .mpp .m .M .mm .ixx .cppm
[0.474s]   .ccm .cxxm .c++m .h .hh .h++ .hm .hpp .hxx .in .txx .f .F .for .f77 .f90
[0.474s]   .f95 .f03 .hip .ispc
[0.474s] 
[0.474s] [0m
[0.474s] [31mCMake Error at CMakeLists.txt:25 (add_executable):
[0.474s]   Cannot find source file:
[0.474s] 
[0.474s]     src/number_counter.cpp
[0.474s] 
[0.474s]   Tried extensions .c .C .c++ .cc .cpp .cxx .cu .mpp .m .M .mm .ixx .cppm
[0.474s]   .ccm .cxxm .c++m .h .hh .h++ .hm .hpp .hxx .in .txx .f .F .for .f77 .f90
[0.474s]   .f95 .f03 .hip .ispc
[0.474s] 
[0.475s] [0m
[0.475s] [31mCMake Error at CMakeLists.txt:22 (add_executable):
[0.475s]   No SOURCES given to target: number_publisher
[0.475s] 
[0.475s] [0m
[0.475s] [31mCMake Error at CMakeLists.txt:25 (add_executable):
[0.475s]   No SOURCES given to target: number_counter
[0.475s] 
[0.475s] [0m
[0.475s] [0mCMake Generate step failed.  Build files cannot be regenerated correctly.[0m
[0.482s] Invoked command in '/home/wan/ros2_ws/build/my_cpp_pkg' returned '1': CMAKE_PREFIX_PATH=${CMAKE_PREFIX_PATH}:/home/wan/ros2_ws/install/my_py_pkg:/opt/ros/jazzy DEBUGINFOD_URLS=https://debuginfod.ubuntu.com /usr/bin/cmake /home/wan/ros2_ws/src/my_cpp_pkg -DCMAKE_INSTALL_PREFIX=/home/wan/ros2_ws/install/my_cpp_pkg
