[0.696s] Invoking command in '/home/wan/ros2_ws/build/my_py_pkg': CMAKE_PREFIX_PATH=/home/wan/ros2_ws/install/my_robot_interfaces:/home/wan/ros2_ws/install/my_cpp_pkg:/opt/ros/jazzy/opt/gz_math_vendor:/opt/ros/jazzy/opt/gz_utils_vendor:/opt/ros/jazzy/opt/gz_cmake_vendor DEBUGINFOD_URLS=https://debuginfod.ubuntu.com PYTHONPATH=/home/wan/ros2_ws/build/my_py_pkg/prefix_override:/usr/lib/python3/dist-packages/colcon_core/task/python/colcon_distutils_commands:/home/wan/ros2_ws/install/my_py_pkg/lib/python3.12/site-packages:/home/wan/ros2_ws/install/my_robot_interfaces/lib/python3.12/site-packages:/home/wan/ros2_ws/build/my_py_pkg:/home/wan/ros2_ws/install/my_py_pkg/lib/python3.12/site-packages:/opt/ros/jazzy/lib/python3.12/site-packages /usr/bin/python3 -W ignore:setup.py install is deprecated -W ignore:easy_install command is deprecated setup.py develop --uninstall --editable --build-directory /home/wan/ros2_ws/build/my_py_pkg/build
[0.897s] running develop
[1.031s] Removing /home/wan/ros2_ws/install/my_py_pkg/lib/python3.12/site-packages/my-py-pkg.egg-link (link to .)
[1.054s] Invoked command in '/home/wan/ros2_ws/build/my_py_pkg' returned '0': CMAKE_PREFIX_PATH=/home/wan/ros2_ws/install/my_robot_interfaces:/home/wan/ros2_ws/install/my_cpp_pkg:/opt/ros/jazzy/opt/gz_math_vendor:/opt/ros/jazzy/opt/gz_utils_vendor:/opt/ros/jazzy/opt/gz_cmake_vendor DEBUGINFOD_URLS=https://debuginfod.ubuntu.com PYTHONPATH=/home/wan/ros2_ws/build/my_py_pkg/prefix_override:/usr/lib/python3/dist-packages/colcon_core/task/python/colcon_distutils_commands:/home/wan/ros2_ws/install/my_py_pkg/lib/python3.12/site-packages:/home/wan/ros2_ws/install/my_robot_interfaces/lib/python3.12/site-packages:/home/wan/ros2_ws/build/my_py_pkg:/home/wan/ros2_ws/install/my_py_pkg/lib/python3.12/site-packages:/opt/ros/jazzy/lib/python3.12/site-packages /usr/bin/python3 -W ignore:setup.py install is deprecated -W ignore:easy_install command is deprecated setup.py develop --uninstall --editable --build-directory /home/wan/ros2_ws/build/my_py_pkg/build
[1.055s] Invoking command in '/home/wan/ros2_ws/src/my_py_pkg': CMAKE_PREFIX_PATH=/home/wan/ros2_ws/install/my_robot_interfaces:/home/wan/ros2_ws/install/my_cpp_pkg:/opt/ros/jazzy/opt/gz_math_vendor:/opt/ros/jazzy/opt/gz_utils_vendor:/opt/ros/jazzy/opt/gz_cmake_vendor DEBUGINFOD_URLS=https://debuginfod.ubuntu.com PYTHONPATH=/home/wan/ros2_ws/build/my_py_pkg/prefix_override:/usr/lib/python3/dist-packages/colcon_core/task/python/colcon_distutils_commands:/home/wan/ros2_ws/install/my_py_pkg/lib/python3.12/site-packages:/home/wan/ros2_ws/install/my_robot_interfaces/lib/python3.12/site-packages:/home/wan/ros2_ws/build/my_py_pkg:/home/wan/ros2_ws/install/my_py_pkg/lib/python3.12/site-packages:/opt/ros/jazzy/lib/python3.12/site-packages /usr/bin/python3 -W ignore:setup.py install is deprecated -W ignore:easy_install command is deprecated setup.py egg_info --egg-base ../../build/my_py_pkg build --build-base /home/wan/ros2_ws/build/my_py_pkg/build install --record /home/wan/ros2_ws/build/my_py_pkg/install.log --single-version-externally-managed install_data --force
[1.238s] running egg_info
[1.251s] writing ../../build/my_py_pkg/my_py_pkg.egg-info/PKG-INFO
[1.251s] writing dependency_links to ../../build/my_py_pkg/my_py_pkg.egg-info/dependency_links.txt
[1.251s] writing entry points to ../../build/my_py_pkg/my_py_pkg.egg-info/entry_points.txt
[1.251s] writing requirements to ../../build/my_py_pkg/my_py_pkg.egg-info/requires.txt
[1.251s] writing top-level names to ../../build/my_py_pkg/my_py_pkg.egg-info/top_level.txt
[1.277s] reading manifest file '../../build/my_py_pkg/my_py_pkg.egg-info/SOURCES.txt'
[1.278s] writing manifest file '../../build/my_py_pkg/my_py_pkg.egg-info/SOURCES.txt'
[1.278s] running build
[1.278s] running build_py
[1.279s] copying my_py_pkg/led_panel.py -> /home/wan/ros2_ws/build/my_py_pkg/build/lib/my_py_pkg
[1.279s] copying my_py_pkg/battery.py -> /home/wan/ros2_ws/build/my_py_pkg/build/lib/my_py_pkg
[1.280s] running install
[1.284s] running install_lib
[1.297s] creating /home/wan/ros2_ws/install/my_py_pkg/lib/python3.12/site-packages/my_py_pkg
[1.298s] copying /home/wan/ros2_ws/build/my_py_pkg/build/lib/my_py_pkg/number_publisher.py -> /home/wan/ros2_ws/install/my_py_pkg/lib/python3.12/site-packages/my_py_pkg
[1.298s] copying /home/wan/ros2_ws/build/my_py_pkg/build/lib/my_py_pkg/add_two_ints_client_no_oop.py -> /home/wan/ros2_ws/install/my_py_pkg/lib/python3.12/site-packages/my_py_pkg
[1.298s] copying /home/wan/ros2_ws/build/my_py_pkg/build/lib/my_py_pkg/__init__.py -> /home/wan/ros2_ws/install/my_py_pkg/lib/python3.12/site-packages/my_py_pkg
[1.298s] copying /home/wan/ros2_ws/build/my_py_pkg/build/lib/my_py_pkg/my_first_node.py -> /home/wan/ros2_ws/install/my_py_pkg/lib/python3.12/site-packages/my_py_pkg
[1.298s] copying /home/wan/ros2_ws/build/my_py_pkg/build/lib/my_py_pkg/template_python_node.py -> /home/wan/ros2_ws/install/my_py_pkg/lib/python3.12/site-packages/my_py_pkg
[1.298s] copying /home/wan/ros2_ws/build/my_py_pkg/build/lib/my_py_pkg/led_panel.py -> /home/wan/ros2_ws/install/my_py_pkg/lib/python3.12/site-packages/my_py_pkg
[1.299s] copying /home/wan/ros2_ws/build/my_py_pkg/build/lib/my_py_pkg/add_two_ints_server.py -> /home/wan/ros2_ws/install/my_py_pkg/lib/python3.12/site-packages/my_py_pkg
[1.299s] copying /home/wan/ros2_ws/build/my_py_pkg/build/lib/my_py_pkg/number_counter.py -> /home/wan/ros2_ws/install/my_py_pkg/lib/python3.12/site-packages/my_py_pkg
[1.299s] copying /home/wan/ros2_ws/build/my_py_pkg/build/lib/my_py_pkg/robot_news_station.py -> /home/wan/ros2_ws/install/my_py_pkg/lib/python3.12/site-packages/my_py_pkg
[1.299s] copying /home/wan/ros2_ws/build/my_py_pkg/build/lib/my_py_pkg/smartphone.py -> /home/wan/ros2_ws/install/my_py_pkg/lib/python3.12/site-packages/my_py_pkg
[1.299s] copying /home/wan/ros2_ws/build/my_py_pkg/build/lib/my_py_pkg/battery.py -> /home/wan/ros2_ws/install/my_py_pkg/lib/python3.12/site-packages/my_py_pkg
[1.299s] copying /home/wan/ros2_ws/build/my_py_pkg/build/lib/my_py_pkg/hardware_status_publisher.py -> /home/wan/ros2_ws/install/my_py_pkg/lib/python3.12/site-packages/my_py_pkg
[1.299s] copying /home/wan/ros2_ws/build/my_py_pkg/build/lib/my_py_pkg/add_two_ints_client.py -> /home/wan/ros2_ws/install/my_py_pkg/lib/python3.12/site-packages/my_py_pkg
[1.300s] byte-compiling /home/wan/ros2_ws/install/my_py_pkg/lib/python3.12/site-packages/my_py_pkg/number_publisher.py to number_publisher.cpython-312.pyc
[1.300s] byte-compiling /home/wan/ros2_ws/install/my_py_pkg/lib/python3.12/site-packages/my_py_pkg/add_two_ints_client_no_oop.py to add_two_ints_client_no_oop.cpython-312.pyc
[1.300s] byte-compiling /home/wan/ros2_ws/install/my_py_pkg/lib/python3.12/site-packages/my_py_pkg/__init__.py to __init__.cpython-312.pyc
[1.301s] byte-compiling /home/wan/ros2_ws/install/my_py_pkg/lib/python3.12/site-packages/my_py_pkg/my_first_node.py to my_first_node.cpython-312.pyc
[1.301s] byte-compiling /home/wan/ros2_ws/install/my_py_pkg/lib/python3.12/site-packages/my_py_pkg/template_python_node.py to template_python_node.cpython-312.pyc
[1.301s] byte-compiling /home/wan/ros2_ws/install/my_py_pkg/lib/python3.12/site-packages/my_py_pkg/led_panel.py to led_panel.cpython-312.pyc
[1.302s] byte-compiling /home/wan/ros2_ws/install/my_py_pkg/lib/python3.12/site-packages/my_py_pkg/add_two_ints_server.py to add_two_ints_server.cpython-312.pyc
[1.302s] byte-compiling /home/wan/ros2_ws/install/my_py_pkg/lib/python3.12/site-packages/my_py_pkg/number_counter.py to number_counter.cpython-312.pyc
[1.303s] byte-compiling /home/wan/ros2_ws/install/my_py_pkg/lib/python3.12/site-packages/my_py_pkg/robot_news_station.py to robot_news_station.cpython-312.pyc
[1.303s] byte-compiling /home/wan/ros2_ws/install/my_py_pkg/lib/python3.12/site-packages/my_py_pkg/smartphone.py to smartphone.cpython-312.pyc
[1.304s] byte-compiling /home/wan/ros2_ws/install/my_py_pkg/lib/python3.12/site-packages/my_py_pkg/battery.py to battery.cpython-312.pyc
[1.304s] byte-compiling /home/wan/ros2_ws/install/my_py_pkg/lib/python3.12/site-packages/my_py_pkg/hardware_status_publisher.py to hardware_status_publisher.cpython-312.pyc
[1.305s] byte-compiling /home/wan/ros2_ws/install/my_py_pkg/lib/python3.12/site-packages/my_py_pkg/add_two_ints_client.py to add_two_ints_client.cpython-312.pyc
[1.305s] running install_data
[1.305s] copying resource/my_py_pkg -> /home/wan/ros2_ws/install/my_py_pkg/share/ament_index/resource_index/packages
[1.305s] copying package.xml -> /home/wan/ros2_ws/install/my_py_pkg/share/my_py_pkg
[1.305s] running install_egg_info
[1.320s] Copying ../../build/my_py_pkg/my_py_pkg.egg-info to /home/wan/ros2_ws/install/my_py_pkg/lib/python3.12/site-packages/my_py_pkg-0.0.0-py3.12.egg-info
[1.321s] running install_scripts
[1.410s] Installing add_two_ints_client script to /home/wan/ros2_ws/install/my_py_pkg/lib/my_py_pkg
[1.411s] Installing add_two_ints_client_no_oop script to /home/wan/ros2_ws/install/my_py_pkg/lib/my_py_pkg
[1.411s] Installing add_two_ints_server script to /home/wan/ros2_ws/install/my_py_pkg/lib/my_py_pkg
[1.411s] Installing battery script to /home/wan/ros2_ws/install/my_py_pkg/lib/my_py_pkg
[1.411s] Installing hardware_status_publisher script to /home/wan/ros2_ws/install/my_py_pkg/lib/my_py_pkg
[1.411s] Installing led_panel script to /home/wan/ros2_ws/install/my_py_pkg/lib/my_py_pkg
[1.411s] Installing my_first_node script to /home/wan/ros2_ws/install/my_py_pkg/lib/my_py_pkg
[1.411s] Installing number_counter script to /home/wan/ros2_ws/install/my_py_pkg/lib/my_py_pkg
[1.411s] Installing number_publisher script to /home/wan/ros2_ws/install/my_py_pkg/lib/my_py_pkg
[1.411s] Installing robot_news_station script to /home/wan/ros2_ws/install/my_py_pkg/lib/my_py_pkg
[1.411s] Installing smartphone script to /home/wan/ros2_ws/install/my_py_pkg/lib/my_py_pkg
[1.411s] writing list of installed files to '/home/wan/ros2_ws/build/my_py_pkg/install.log'
[1.433s] Invoked command in '/home/wan/ros2_ws/src/my_py_pkg' returned '0': CMAKE_PREFIX_PATH=/home/wan/ros2_ws/install/my_robot_interfaces:/home/wan/ros2_ws/install/my_cpp_pkg:/opt/ros/jazzy/opt/gz_math_vendor:/opt/ros/jazzy/opt/gz_utils_vendor:/opt/ros/jazzy/opt/gz_cmake_vendor DEBUGINFOD_URLS=https://debuginfod.ubuntu.com PYTHONPATH=/home/wan/ros2_ws/build/my_py_pkg/prefix_override:/usr/lib/python3/dist-packages/colcon_core/task/python/colcon_distutils_commands:/home/wan/ros2_ws/install/my_py_pkg/lib/python3.12/site-packages:/home/wan/ros2_ws/install/my_robot_interfaces/lib/python3.12/site-packages:/home/wan/ros2_ws/build/my_py_pkg:/home/wan/ros2_ws/install/my_py_pkg/lib/python3.12/site-packages:/opt/ros/jazzy/lib/python3.12/site-packages /usr/bin/python3 -W ignore:setup.py install is deprecated -W ignore:easy_install command is deprecated setup.py egg_info --egg-base ../../build/my_py_pkg build --build-base /home/wan/ros2_ws/build/my_py_pkg/build install --record /home/wan/ros2_ws/build/my_py_pkg/install.log --single-version-externally-managed install_data --force
