[0.949s] Invoking command in '/home/wan/ros2_ws/build/turtlesim_catch_them_all': CMAKE_PREFIX_PATH=/home/wan/ros2_ws/install/my_robot_interfaces:/home/wan/ros2_ws/install/my_robot_bringup:/home/wan/ros2_ws/install/my_cpp_pkg:/opt/ros/jazzy/opt/gz_math_vendor:/opt/ros/jazzy/opt/gz_utils_vendor:/opt/ros/jazzy/opt/gz_cmake_vendor DEBUGINFOD_URLS=https://debuginfod.ubuntu.com PYTHONPATH=/home/wan/ros2_ws/build/turtlesim_catch_them_all/prefix_override:/usr/lib/python3/dist-packages/colcon_core/task/python/colcon_distutils_commands:/home/wan/ros2_ws/install/turtlesim_catch_them_all/lib/python3.12/site-packages:/home/wan/ros2_ws/install/my_robot_interfaces/lib/python3.12/site-packages:/home/wan/ros2_ws/build/turtlesim_catch_them_all:/home/wan/ros2_ws/install/turtlesim_catch_them_all/lib/python3.12/site-packages:/home/wan/ros2_ws/build/my_py_pkg:/home/wan/ros2_ws/install/my_py_pkg/lib/python3.12/site-packages:/opt/ros/jazzy/lib/python3.12/site-packages /usr/bin/python3 -W ignore:setup.py install is deprecated -W ignore:easy_install command is deprecated setup.py develop --uninstall --editable --build-directory /home/wan/ros2_ws/build/turtlesim_catch_them_all/build
[1.170s] running develop
[1.329s] Removing /home/wan/ros2_ws/install/turtlesim_catch_them_all/lib/python3.12/site-packages/turtlesim-catch-them-all.egg-link (link to .)
[1.389s] Invoked command in '/home/wan/ros2_ws/build/turtlesim_catch_them_all' returned '0': CMAKE_PREFIX_PATH=/home/wan/ros2_ws/install/my_robot_interfaces:/home/wan/ros2_ws/install/my_robot_bringup:/home/wan/ros2_ws/install/my_cpp_pkg:/opt/ros/jazzy/opt/gz_math_vendor:/opt/ros/jazzy/opt/gz_utils_vendor:/opt/ros/jazzy/opt/gz_cmake_vendor DEBUGINFOD_URLS=https://debuginfod.ubuntu.com PYTHONPATH=/home/wan/ros2_ws/build/turtlesim_catch_them_all/prefix_override:/usr/lib/python3/dist-packages/colcon_core/task/python/colcon_distutils_commands:/home/wan/ros2_ws/install/turtlesim_catch_them_all/lib/python3.12/site-packages:/home/wan/ros2_ws/install/my_robot_interfaces/lib/python3.12/site-packages:/home/wan/ros2_ws/build/turtlesim_catch_them_all:/home/wan/ros2_ws/install/turtlesim_catch_them_all/lib/python3.12/site-packages:/home/wan/ros2_ws/build/my_py_pkg:/home/wan/ros2_ws/install/my_py_pkg/lib/python3.12/site-packages:/opt/ros/jazzy/lib/python3.12/site-packages /usr/bin/python3 -W ignore:setup.py install is deprecated -W ignore:easy_install command is deprecated setup.py develop --uninstall --editable --build-directory /home/wan/ros2_ws/build/turtlesim_catch_them_all/build
[1.389s] Invoking command in '/home/wan/ros2_ws/src/turtlesim_catch_them_all': CMAKE_PREFIX_PATH=/home/wan/ros2_ws/install/my_robot_interfaces:/home/wan/ros2_ws/install/my_robot_bringup:/home/wan/ros2_ws/install/my_cpp_pkg:/opt/ros/jazzy/opt/gz_math_vendor:/opt/ros/jazzy/opt/gz_utils_vendor:/opt/ros/jazzy/opt/gz_cmake_vendor DEBUGINFOD_URLS=https://debuginfod.ubuntu.com PYTHONPATH=/home/wan/ros2_ws/build/turtlesim_catch_them_all/prefix_override:/usr/lib/python3/dist-packages/colcon_core/task/python/colcon_distutils_commands:/home/wan/ros2_ws/install/turtlesim_catch_them_all/lib/python3.12/site-packages:/home/wan/ros2_ws/install/my_robot_interfaces/lib/python3.12/site-packages:/home/wan/ros2_ws/build/turtlesim_catch_them_all:/home/wan/ros2_ws/install/turtlesim_catch_them_all/lib/python3.12/site-packages:/home/wan/ros2_ws/build/my_py_pkg:/home/wan/ros2_ws/install/my_py_pkg/lib/python3.12/site-packages:/opt/ros/jazzy/lib/python3.12/site-packages /usr/bin/python3 -W ignore:setup.py install is deprecated -W ignore:easy_install command is deprecated setup.py egg_info --egg-base ../../build/turtlesim_catch_them_all build --build-base /home/wan/ros2_ws/build/turtlesim_catch_them_all/build install --record /home/wan/ros2_ws/build/turtlesim_catch_them_all/install.log --single-version-externally-managed install_data --force
[1.607s] running egg_info
[1.622s] writing ../../build/turtlesim_catch_them_all/turtlesim_catch_them_all.egg-info/PKG-INFO
[1.623s] writing dependency_links to ../../build/turtlesim_catch_them_all/turtlesim_catch_them_all.egg-info/dependency_links.txt
[1.623s] writing entry points to ../../build/turtlesim_catch_them_all/turtlesim_catch_them_all.egg-info/entry_points.txt
[1.623s] writing requirements to ../../build/turtlesim_catch_them_all/turtlesim_catch_them_all.egg-info/requires.txt
[1.623s] writing top-level names to ../../build/turtlesim_catch_them_all/turtlesim_catch_them_all.egg-info/top_level.txt
[1.656s] reading manifest file '../../build/turtlesim_catch_them_all/turtlesim_catch_them_all.egg-info/SOURCES.txt'
[1.657s] writing manifest file '../../build/turtlesim_catch_them_all/turtlesim_catch_them_all.egg-info/SOURCES.txt'
[1.657s] running build
[1.657s] running build_py
[1.658s] copying turtlesim_catch_them_all/turtle_controller.py -> /home/wan/ros2_ws/build/turtlesim_catch_them_all/build/lib/turtlesim_catch_them_all
[1.658s] copying turtlesim_catch_them_all/turtle_spawner.py -> /home/wan/ros2_ws/build/turtlesim_catch_them_all/build/lib/turtlesim_catch_them_all
[1.658s] running install
[1.665s] running install_lib
[1.682s] creating /home/wan/ros2_ws/install/turtlesim_catch_them_all/lib/python3.12/site-packages/turtlesim_catch_them_all
[1.683s] copying /home/wan/ros2_ws/build/turtlesim_catch_them_all/build/lib/turtlesim_catch_them_all/turtle_controller.py -> /home/wan/ros2_ws/install/turtlesim_catch_them_all/lib/python3.12/site-packages/turtlesim_catch_them_all
[1.683s] copying /home/wan/ros2_ws/build/turtlesim_catch_them_all/build/lib/turtlesim_catch_them_all/__init__.py -> /home/wan/ros2_ws/install/turtlesim_catch_them_all/lib/python3.12/site-packages/turtlesim_catch_them_all
[1.683s] copying /home/wan/ros2_ws/build/turtlesim_catch_them_all/build/lib/turtlesim_catch_them_all/turtle_spawner.py -> /home/wan/ros2_ws/install/turtlesim_catch_them_all/lib/python3.12/site-packages/turtlesim_catch_them_all
[1.683s] byte-compiling /home/wan/ros2_ws/install/turtlesim_catch_them_all/lib/python3.12/site-packages/turtlesim_catch_them_all/turtle_controller.py to turtle_controller.cpython-312.pyc
[1.684s] byte-compiling /home/wan/ros2_ws/install/turtlesim_catch_them_all/lib/python3.12/site-packages/turtlesim_catch_them_all/__init__.py to __init__.cpython-312.pyc
[1.684s] byte-compiling /home/wan/ros2_ws/install/turtlesim_catch_them_all/lib/python3.12/site-packages/turtlesim_catch_them_all/turtle_spawner.py to turtle_spawner.cpython-312.pyc
[1.685s] running install_data
[1.686s] copying resource/turtlesim_catch_them_all -> /home/wan/ros2_ws/install/turtlesim_catch_them_all/share/ament_index/resource_index/packages
[1.686s] copying package.xml -> /home/wan/ros2_ws/install/turtlesim_catch_them_all/share/turtlesim_catch_them_all
[1.687s] running install_egg_info
[1.707s] Copying ../../build/turtlesim_catch_them_all/turtlesim_catch_them_all.egg-info to /home/wan/ros2_ws/install/turtlesim_catch_them_all/lib/python3.12/site-packages/turtlesim_catch_them_all-0.0.0-py3.12.egg-info
[1.708s] running install_scripts
[1.822s] Installing turtle_controller script to /home/wan/ros2_ws/install/turtlesim_catch_them_all/lib/turtlesim_catch_them_all
[1.822s] Installing turtle_spawner script to /home/wan/ros2_ws/install/turtlesim_catch_them_all/lib/turtlesim_catch_them_all
[1.822s] writing list of installed files to '/home/wan/ros2_ws/build/turtlesim_catch_them_all/install.log'
[1.887s] Invoked command in '/home/wan/ros2_ws/src/turtlesim_catch_them_all' returned '0': CMAKE_PREFIX_PATH=/home/wan/ros2_ws/install/my_robot_interfaces:/home/wan/ros2_ws/install/my_robot_bringup:/home/wan/ros2_ws/install/my_cpp_pkg:/opt/ros/jazzy/opt/gz_math_vendor:/opt/ros/jazzy/opt/gz_utils_vendor:/opt/ros/jazzy/opt/gz_cmake_vendor DEBUGINFOD_URLS=https://debuginfod.ubuntu.com PYTHONPATH=/home/wan/ros2_ws/build/turtlesim_catch_them_all/prefix_override:/usr/lib/python3/dist-packages/colcon_core/task/python/colcon_distutils_commands:/home/wan/ros2_ws/install/turtlesim_catch_them_all/lib/python3.12/site-packages:/home/wan/ros2_ws/install/my_robot_interfaces/lib/python3.12/site-packages:/home/wan/ros2_ws/build/turtlesim_catch_them_all:/home/wan/ros2_ws/install/turtlesim_catch_them_all/lib/python3.12/site-packages:/home/wan/ros2_ws/build/my_py_pkg:/home/wan/ros2_ws/install/my_py_pkg/lib/python3.12/site-packages:/opt/ros/jazzy/lib/python3.12/site-packages /usr/bin/python3 -W ignore:setup.py install is deprecated -W ignore:easy_install command is deprecated setup.py egg_info --egg-base ../../build/turtlesim_catch_them_all build --build-base /home/wan/ros2_ws/build/turtlesim_catch_them_all/build install --record /home/wan/ros2_ws/build/turtlesim_catch_them_all/install.log --single-version-externally-managed install_data --force
