[0.015s] Invoking command in '/home/wan/ros2_ws/build/my_robot_bringup': CMAKE_PREFIX_PATH=${CMAKE_PREFIX_PATH}:/home/wan/ros2_ws/install/my_py_pkg:/opt/ros/jazzy DEBUGINFOD_URLS=https://debuginfod.ubuntu.com /usr/bin/cmake /home/wan/ros2_ws/src/my_robot_bringup -DCMAKE_INSTALL_PREFIX=/home/wan/ros2_ws/install/my_robot_bringup
[0.116s] -- The C compiler identification is GNU 13.3.0
[0.212s] -- The CXX compiler identification is GNU 13.3.0
[0.227s] -- Detecting C compiler ABI info
[0.294s] -- Detecting C compiler ABI info - done
[0.301s] -- Check for working C compiler: /usr/bin/cc - skipped
[0.302s] -- Detecting C compile features
[0.302s] -- Detecting C compile features - done
[0.310s] -- Detecting CXX compiler ABI info
[0.376s] -- Detecting CXX compiler ABI info - done
[0.383s] -- Check for working CXX compiler: /usr/bin/c++ - skipped
[0.383s] -- Detecting CXX compile features
[0.384s] -- Detecting CXX compile features - done
[0.398s] -- Found ament_cmake: 2.5.4 (/opt/ros/jazzy/share/ament_cmake/cmake)
[0.502s] -- Found Python3: /usr/bin/python3 (found version "3.12.3") found components: Interpreter 
[0.644s] -- Configuring done (0.6s)
[0.645s] -- Generating done (0.0s)
[0.648s] -- Build files have been written to: /home/wan/ros2_ws/build/my_robot_bringup
[0.652s] Invoked command in '/home/wan/ros2_ws/build/my_robot_bringup' returned '0': CMAKE_PREFIX_PATH=${CMAKE_PREFIX_PATH}:/home/wan/ros2_ws/install/my_py_pkg:/opt/ros/jazzy DEBUGINFOD_URLS=https://debuginfod.ubuntu.com /usr/bin/cmake /home/wan/ros2_ws/src/my_robot_bringup -DCMAKE_INSTALL_PREFIX=/home/wan/ros2_ws/install/my_robot_bringup
[0.652s] Invoking command in '/home/wan/ros2_ws/build/my_robot_bringup': CMAKE_PREFIX_PATH=${CMAKE_PREFIX_PATH}:/home/wan/ros2_ws/install/my_py_pkg:/opt/ros/jazzy DEBUGINFOD_URLS=https://debuginfod.ubuntu.com /usr/bin/cmake --build /home/wan/ros2_ws/build/my_robot_bringup -- -j12 -l12
[0.678s] Invoked command in '/home/wan/ros2_ws/build/my_robot_bringup' returned '0': CMAKE_PREFIX_PATH=${CMAKE_PREFIX_PATH}:/home/wan/ros2_ws/install/my_py_pkg:/opt/ros/jazzy DEBUGINFOD_URLS=https://debuginfod.ubuntu.com /usr/bin/cmake --build /home/wan/ros2_ws/build/my_robot_bringup -- -j12 -l12
[0.684s] Invoking command in '/home/wan/ros2_ws/build/my_robot_bringup': CMAKE_PREFIX_PATH=${CMAKE_PREFIX_PATH}:/home/wan/ros2_ws/install/my_py_pkg:/opt/ros/jazzy DEBUGINFOD_URLS=https://debuginfod.ubuntu.com /usr/bin/cmake --install /home/wan/ros2_ws/build/my_robot_bringup
[0.689s] -- Install configuration: ""
[0.689s] -- Installing: /home/wan/ros2_ws/install/my_robot_bringup/share/my_robot_bringup//launch
[0.689s] -- Installing: /home/wan/ros2_ws/install/my_robot_bringup/share/my_robot_bringup//launch/number_app.launch.xml
[0.689s] -- Installing: /home/wan/ros2_ws/install/my_robot_bringup/share/ament_index/resource_index/package_run_dependencies/my_robot_bringup
[0.689s] -- Installing: /home/wan/ros2_ws/install/my_robot_bringup/share/ament_index/resource_index/parent_prefix_path/my_robot_bringup
[0.690s] -- Installing: /home/wan/ros2_ws/install/my_robot_bringup/share/my_robot_bringup/environment/ament_prefix_path.sh
[0.690s] -- Installing: /home/wan/ros2_ws/install/my_robot_bringup/share/my_robot_bringup/environment/ament_prefix_path.dsv
[0.690s] -- Installing: /home/wan/ros2_ws/install/my_robot_bringup/share/my_robot_bringup/environment/path.sh
[0.690s] -- Installing: /home/wan/ros2_ws/install/my_robot_bringup/share/my_robot_bringup/environment/path.dsv
[0.690s] -- Installing: /home/wan/ros2_ws/install/my_robot_bringup/share/my_robot_bringup/local_setup.bash
[0.690s] -- Installing: /home/wan/ros2_ws/install/my_robot_bringup/share/my_robot_bringup/local_setup.sh
[0.690s] -- Installing: /home/wan/ros2_ws/install/my_robot_bringup/share/my_robot_bringup/local_setup.zsh
[0.690s] -- Installing: /home/wan/ros2_ws/install/my_robot_bringup/share/my_robot_bringup/local_setup.dsv
[0.690s] -- Installing: /home/wan/ros2_ws/install/my_robot_bringup/share/my_robot_bringup/package.dsv
[0.690s] -- Installing: /home/wan/ros2_ws/install/my_robot_bringup/share/ament_index/resource_index/packages/my_robot_bringup
[0.690s] -- Installing: /home/wan/ros2_ws/install/my_robot_bringup/share/my_robot_bringup/cmake/my_robot_bringupConfig.cmake
[0.690s] -- Installing: /home/wan/ros2_ws/install/my_robot_bringup/share/my_robot_bringup/cmake/my_robot_bringupConfig-version.cmake
[0.690s] -- Installing: /home/wan/ros2_ws/install/my_robot_bringup/share/my_robot_bringup/package.xml
[0.692s] Invoked command in '/home/wan/ros2_ws/build/my_robot_bringup' returned '0': CMAKE_PREFIX_PATH=${CMAKE_PREFIX_PATH}:/home/wan/ros2_ws/install/my_py_pkg:/opt/ros/jazzy DEBUGINFOD_URLS=https://debuginfod.ubuntu.com /usr/bin/cmake --install /home/wan/ros2_ws/build/my_robot_bringup
