[ 25%] Built target number_publisher
[ 25%] Built target add_two_ints_server
[ 37%] Built target smartphone
[ 50%] Built target add_two_ints_client_no_oop
[ 62%] Built target cpp_node
[ 75%] Built target robot_news_station
[ 81%] [32mBuilding CXX object CMakeFiles/add_two_ints_client.dir/src/add_two_ints_client.cpp.o[0m
[ 93%] Built target number_counter
In file included from [01m[K/opt/ros/jazzy/include/rclcpp/rclcpp/logging.hpp:24[m[K,
                 from [01m[K/opt/ros/jazzy/include/rclcpp/rclcpp/copy_all_parameter_values.hpp:27[m[K,
                 from [01m[K/opt/ros/jazzy/include/rclcpp/rclcpp/rclcpp.hpp:171[m[K,
                 from [01m[K/home/wan/ros2_ws/src/my_cpp_pkg/src/add_two_ints_client.cpp:1[m[K:
[01m[K/home/wan/ros2_ws/src/my_cpp_pkg/src/add_two_ints_client.cpp:[m[K In member function ‘[01m[Kvoid AddTwoIntsClientNode::[01;32m[KcallbackCallAddTwoInts[m[K(rclcpp::Client<example_interfaces::srv::AddTwoInts>::SharedFuture)[m[K’:
[01m[K/home/wan/ros2_ws/src/my_cpp_pkg/src/add_two_ints_client.cpp:34:70:[m[K [01;31m[Kerror: [m[K‘[01m[Kusing std::__shared_ptr_access<example_interfaces::srv::AddTwoInts_Response_<std::allocator<void> >, __gnu_cxx::_S_atomic, false, false>::element_type = struct example_interfaces::srv::AddTwoInts_Response_<std::allocator<void> >[m[K’ {aka ‘[01m[Kstruct example_interfaces::srv::AddTwoInts_Response_<std::allocator<void> >[m[K’} has no member named ‘[01m[Ka[m[K’
   34 |       RCLCPP_INFO(this->get_logger(), "%d + %d = %d", (int)response->[01;31m[Ka[m[K, (int)response->b, (int)response->sum);
      |                                                                      [01;31m[K^[m[K
[01m[K/home/wan/ros2_ws/src/my_cpp_pkg/src/add_two_ints_client.cpp:34:88:[m[K [01;31m[Kerror: [m[K‘[01m[Kusing std::__shared_ptr_access<example_interfaces::srv::AddTwoInts_Response_<std::allocator<void> >, __gnu_cxx::_S_atomic, false, false>::element_type = struct example_interfaces::srv::AddTwoInts_Response_<std::allocator<void> >[m[K’ {aka ‘[01m[Kstruct example_interfaces::srv::AddTwoInts_Response_<std::allocator<void> >[m[K’} has no member named ‘[01m[Kb[m[K’
   34 |       RCLCPP_INFO(this->get_logger(), "%d + %d = %d", (int)response->a, (int)response->[01;31m[Kb[m[K, (int)response->sum);
      |                                                                                        [01;31m[K^[m[K
gmake[2]: *** [CMakeFiles/add_two_ints_client.dir/build.make:76: CMakeFiles/add_two_ints_client.dir/src/add_two_ints_client.cpp.o] Error 1
gmake[1]: *** [CMakeFiles/Makefile2:333: CMakeFiles/add_two_ints_client.dir/all] Error 2
gmake: *** [Makefile:146: all] Error 2
