[0.529s] Invoking command in '/home/wan/ros2_ws/build/my_py_pkg': DEBUGINFOD_URLS=https://debuginfod.ubuntu.com PYTHONPATH=/home/wan/ros2_ws/build/my_py_pkg/prefix_override:/usr/lib/python3/dist-packages/colcon_core/task/python/colcon_distutils_commands:/home/wan/ros2_ws/install/my_py_pkg/lib/python3.12/site-packages:${PYTHONPATH} /usr/bin/python3 -W ignore:setup.py install is deprecated -W ignore:easy_install command is deprecated setup.py develop --editable --build-directory /home/wan/ros2_ws/build/my_py_pkg/build --no-deps symlink_data
[0.738s] running develop
[0.865s] running egg_info
[0.865s] creating my_py_pkg.egg-info
[0.877s] writing my_py_pkg.egg-info/PKG-INFO
[0.878s] writing dependency_links to my_py_pkg.egg-info/dependency_links.txt
[0.878s] writing entry points to my_py_pkg.egg-info/entry_points.txt
[0.878s] writing requirements to my_py_pkg.egg-info/requires.txt
[0.878s] writing top-level names to my_py_pkg.egg-info/top_level.txt
[0.878s] writing manifest file 'my_py_pkg.egg-info/SOURCES.txt'
[0.903s] reading manifest file 'my_py_pkg.egg-info/SOURCES.txt'
[0.904s] writing manifest file 'my_py_pkg.egg-info/SOURCES.txt'
[0.918s] running build_ext
[0.918s] Creating /home/wan/ros2_ws/install/my_py_pkg/lib/python3.12/site-packages/my-py-pkg.egg-link (link to .)
[0.918s] Installing add_two_ints_client_no_oop script to /home/wan/ros2_ws/install/my_py_pkg/lib/my_py_pkg
[0.918s] Installing add_two_ints_server script to /home/wan/ros2_ws/install/my_py_pkg/lib/my_py_pkg
[0.918s] Installing my_first_node script to /home/wan/ros2_ws/install/my_py_pkg/lib/my_py_pkg
[0.918s] Installing number_counter script to /home/wan/ros2_ws/install/my_py_pkg/lib/my_py_pkg
[0.918s] Installing number_publisher script to /home/wan/ros2_ws/install/my_py_pkg/lib/my_py_pkg
[0.918s] Installing robot_news_station script to /home/wan/ros2_ws/install/my_py_pkg/lib/my_py_pkg
[0.918s] Installing smartphone script to /home/wan/ros2_ws/install/my_py_pkg/lib/my_py_pkg
[0.919s] 
[0.919s] Installed /home/wan/ros2_ws/build/my_py_pkg
[0.919s] running symlink_data
[0.919s] creating /home/wan/ros2_ws/install/my_py_pkg/share/ament_index
[0.919s] creating /home/wan/ros2_ws/install/my_py_pkg/share/ament_index/resource_index
[0.919s] creating /home/wan/ros2_ws/install/my_py_pkg/share/ament_index/resource_index/packages
[0.919s] symbolically linking /home/wan/ros2_ws/build/my_py_pkg/resource/my_py_pkg -> /home/wan/ros2_ws/install/my_py_pkg/share/ament_index/resource_index/packages
[0.919s] symbolically linking /home/wan/ros2_ws/build/my_py_pkg/package.xml -> /home/wan/ros2_ws/install/my_py_pkg/share/my_py_pkg
[0.943s] Invoked command in '/home/wan/ros2_ws/build/my_py_pkg' returned '0': DEBUGINFOD_URLS=https://debuginfod.ubuntu.com PYTHONPATH=/home/wan/ros2_ws/build/my_py_pkg/prefix_override:/usr/lib/python3/dist-packages/colcon_core/task/python/colcon_distutils_commands:/home/wan/ros2_ws/install/my_py_pkg/lib/python3.12/site-packages:${PYTHONPATH} /usr/bin/python3 -W ignore:setup.py install is deprecated -W ignore:easy_install command is deprecated setup.py develop --editable --build-directory /home/wan/ros2_ws/build/my_py_pkg/build --no-deps symlink_data
